[INFO] 21:38:46:300 log_obligatorio/(9283:9339): El pokemon Pn 
 no se encuentra en el FS
[INFO] 21:50:18:363 log_obligatorio/(9784:9853): El pokemon Picachu no se encuentra en el FS
[INFO] 21:59:51:197 log_obligatorio/(10096:10141): El pokemon Picachu no se encuentra en el FS
[INFO] 23:04:37:283 log_obligatorio/(11535:11582): El pokemon Picachu no se encuentra en el FS
[INFO] 23:07:39:680 log_obligatorio/(11697:11743): El pokemon Picachu no se encuentra en el FS
[INFO] 23:15:34:142 log_obligatorio/(11968:11984): El pokemon Picachu no se encuentra en el FS
[INFO] 23:27:39:262 log_obligatorio/(12315:12360): El pokemon Picachu no se encuentra en el FS
[INFO] 23:34:06:874 log_obligatorio/(12680:12727): El pokemon Picachu no se encuentra en el FS
[INFO] 23:37:43:485 log_obligatorio/(12846:12889): El pokemon Picachu no se encuentra en el FS
[INFO] 23:44:57:872 log_obligatorio/(13034:13078): El pokemon Picachu no se encuentra en el FS
[INFO] 23:50:07:982 log_obligatorio/(13219:13267): El pokemon Picachu no se encuentra en el FS
[INFO] 00:03:51:817 log_obligatorio/(13642:13727): El pokemon Picachu no se encuentra en el FS
[INFO] 09:50:14:198 log_obligatorio/(4245:4382): El pokemon Pikachu no se encuentra en el FS
[INFO] 10:11:23:172 log_obligatorio/(4916:4934): El pokemon Pikachu no se encuentra en el FS
[INFO] 10:19:13:508 log_obligatorio/(5030:5073): El pokemon Pikachu no se encuentra en el FS
[INFO] 10:31:26:616 log_obligatorio/(5437:5481): El pokemon Pikachu no se encuentra en el FS
[INFO] 10:39:19:240 log_obligatorio/(5647:5690): El pokemon Pikachu no se encuentra en el FS
[INFO] 10:53:39:735 log_obligatorio/(6483:6531): El pokemon Pikachu no se encuentra en el FS
[INFO] 11:08:02:190 log_obligatorio/(6731:6776): El pokemon Pikachu no se encuentra en el FS
[INFO] 11:16:36:160 log_obligatorio/(7088:7134): El pokemon Pikachu no se encuentra en el FS
[INFO] 12:03:21:306 log_obligatorio/(8018:8069): El pokemon Pikachu no se encuentra en el FS
[INFO] 12:13:56:989 log_obligatorio/(8814:8861): El pokemon Pikachu no se encuentra en el FS
[INFO] 12:13:57:26 log_obligatorio/(8814:8861): No existen las posiciones del archivo de Pikachu
[INFO] 12:29:07:526 log_obligatorio/(9126:9174): El pokemon Pikachu no se encuentra en el FS
[INFO] 12:29:07:558 log_obligatorio/(9126:9174): No existen las posiciones del archivo de Pikachu
[INFO] 12:38:17:168 log_obligatorio/(9455:9497): El pokemon Pikachu no se encuentra en el FS
[INFO] 12:38:17:206 log_obligatorio/(9455:9497): No existen las posiciones del archivo de Pikachu
[INFO] 12:42:38:962 log_obligatorio/(9596:9639): El pokemon Pikachu no se encuentra en el FS
[INFO] 12:42:38:990 log_obligatorio/(9596:9639): No existen las posiciones del archivo de Pikachu
[INFO] 12:56:37:873 log_obligatorio/(9806:9847): El pokemon Picachu no se encuentra en el FS
[INFO] 12:56:38:14 log_obligatorio/(9806:9847): No existen las posiciones del archivo de Picachu
[INFO] 12:58:39:552 log_obligatorio/(9927:9966): El pokemon Pikachu no se encuentra en el FS
[INFO] 12:58:39:597 log_obligatorio/(9927:9966): No existen las posiciones del archivo de Pikachu
[INFO] 12:59:54:841 log_obligatorio/(10022:10060): El pokemon Pikachu no se encuentra en el FS
[INFO] 12:59:54:882 log_obligatorio/(10022:10060): No existen las posiciones del archivo de Pikachu
[INFO] 13:04:38:405 log_obligatorio/(10149:10304): El pokemon Pikachu no se encuentra en el FS
[INFO] 13:04:50:695 log_obligatorio/(10149:10304): No existen las posiciones del archivo de Pikachu
[INFO] 13:48:11:641 log_obligatorio/(10906:10972): El pokemon Bulbazor no se encuentra en el FS
[INFO] 13:48:11:641 log_obligatorio/(10906:10972): No existen las posiciones del archivo de Bulbazor
[INFO] 14:00:51:785 log_obligatorio/(11179:11225): El pokemon Rabit no se encuentra en el FS
[INFO] 14:00:51:785 log_obligatorio/(11179:11225): No existen las posiciones del archivo de Rabit
[INFO] 14:20:39:592 log_obligatorio/(11342:11392): El pokemon Rabit no se encuentra en el FS
[INFO] 14:26:55:335 log_obligatorio/(11342:11392): No existen las posiciones del archivo de Rabit
[INFO] 14:54:06:928 log_obligatorio/(11905:11948): El pokemon Rabir no se encuentra en el FS
[INFO] 14:56:52:312 log_obligatorio/(12033:12077): El pokemon Rabir no se encuentra en el FS
[INFO] 14:56:52:312 log_obligatorio/(12033:12077): No existen las posiciones del archivo de Rabir
[INFO] 15:05:48:868 log_obligatorio/(12257:12302): El pokemon Pikachu no se encuentra en el FS
[INFO] 15:05:48:868 log_obligatorio/(12257:12302): No existen las posiciones del archivo de Pikachu
[INFO] 15:08:48:670 log_obligatorio/(12396:12441): El pokemon Picachu no se encuentra en el FS
[INFO] 15:08:48:695 log_obligatorio/(12396:12441): No existen las posiciones del archivo de Picachu
[INFO] 15:10:08:486 log_obligatorio/(12485:12526): El pokemon Picachu no se encuentra en el FS
[INFO] 15:10:08:486 log_obligatorio/(12485:12526): No existen las posiciones del archivo de Picachu
[INFO] 15:20:12:340 log_obligatorio/(12790:12839): El pokemon Pikachu no se encuentra en el FS
[INFO] 15:20:12:340 log_obligatorio/(12790:12839): No existen las posiciones del archivo de Pikachu
[INFO] 15:25:13:656 log_obligatorio/(12969:13015): El pokemon Pikachu no se encuentra en el FS
[INFO] 15:25:13:656 log_obligatorio/(12969:13015): No existen las posiciones del archivo de Pikachu
[INFO] 15:29:19:672 log_obligatorio/(13199:13258): El pokemon Pikachu no se encuentra en el FS
[INFO] 15:29:19:672 log_obligatorio/(13199:13258): No existen las posiciones del archivo de Pikachu
[INFO] 15:32:34:815 log_obligatorio/(13358:13403): El pokemon Pikachu no se encuentra en el FS
[INFO] 15:32:34:815 log_obligatorio/(13358:13403): No existen las posiciones del archivo de Pikachu
[INFO] 15:39:43:516 log_obligatorio/(13560:13604): El pokemon Pikachu no se encuentra en el FS
[INFO] 15:39:43:516 log_obligatorio/(13560:13604): No existen las posiciones del archivo de Pikachu
[INFO] 15:59:08:890 log_obligatorio/(13842:13881): El pokemon Pikachu no se encuentra en el FS
[INFO] 15:59:08:972 log_obligatorio/(13842:13881): No existen las posiciones del archivo de Pikachu
[INFO] 16:05:55:430 log_obligatorio/(14047:14087): El pokemon Pikachu no se encuentra en el FS
[INFO] 16:05:55:467 log_obligatorio/(14047:14087): No existen las posiciones del archivo de Pikachu
[INFO] 16:12:52:963 log_obligatorio/(14296:14337): El pokemon Pikachu no se encuentra en el FS
[INFO] 16:12:52:1 log_obligatorio/(14296:14337): No existen las posiciones del archivo de Pikachu
[INFO] 16:48:01:761 log_obligatorio/(14907:15054): El pokemon Pikachu no se encuentra en el FS
[INFO] 16:48:01:761 log_obligatorio/(14907:15054): No existen las posiciones del archivo de Pikachu
[INFO] 17:56:05:797 log_obligatorio/(16709:16782): El pokemon Pikachu no se encuentra en el FS
[INFO] 17:56:05:797 log_obligatorio/(16709:16782): No existen las posiciones del archivo de Pikachu
[INFO] 18:04:37:403 log_obligatorio/(17096:17145): El pokemon Picachu no se encuentra en el FS
[INFO] 18:04:37:403 log_obligatorio/(17096:17145): No existen las posiciones del archivo de Picachu
[INFO] 18:08:46:75 log_obligatorio/(17328:17374): El pokemon Picachu no se encuentra en el FS
[INFO] 18:08:46:75 log_obligatorio/(17328:17374): No existen las posiciones del archivo de Picachu
[INFO] 18:20:48:693 log_obligatorio/(17526:17572): El pokemon Picachu no se encuentra en el FS
[INFO] 18:20:48:693 log_obligatorio/(17526:17572): No existen las posiciones del archivo de Picachu
[INFO] 18:26:54:92 log_obligatorio/(17747:17791): El pokemon Pikachu no se encuentra en el FS
[INFO] 18:26:54:93 log_obligatorio/(17747:17791): No existen las posiciones del archivo de Pikachu
[INFO] 18:32:49:370 log_obligatorio/(18344:18388): El pokemon Pikachu no se encuentra en el FS
[INFO] 18:32:49:391 log_obligatorio/(18344:18388): No existen las posiciones del archivo de Pikachu
[INFO] 18:57:31:126 log_obligatorio/(18777:18827): El pokemon Pikachu no se encuentra en el FS
[INFO] 18:57:31:126 log_obligatorio/(18777:18827): No existen las posiciones del archivo de Pikachu
[INFO] 20:33:47:881 log_obligatorio/(2679:2731): El pokemon Pikachu no se encuentra en el FS
[INFO] 20:33:47:881 log_obligatorio/(2679:2731): No existen las posiciones del archivo de Pikachu
[INFO] 20:53:53:104 log_obligatorio/(3400:3444): El pokemon Pikachu no se encuentra en el FS
[INFO] 20:53:53:141 log_obligatorio/(3400:3444): No existen las posiciones del archivo de Pikachu
[INFO] 20:54:44:379 log_obligatorio/(3481:3524): El pokemon Pikachu no se encuentra en el FS
[INFO] 20:54:44:379 log_obligatorio/(3481:3524): No existen las posiciones del archivo de Pikachu
[INFO] 20:58:39:251 log_obligatorio/(3745:3787): El pokemon Pikachu no se encuentra en el FS
[INFO] 20:58:39:346 log_obligatorio/(3745:3787): No existen las posiciones del archivo de Pikachu
[INFO] 22:50:51:547 log_obligatorio/(5284:5332): El pokemon Pikachu no se encuentra en el FS
[INFO] 22:50:51:548 log_obligatorio/(5284:5332): No existen las posiciones del archivo de Pikachu
[INFO] 22:52:51:383 log_obligatorio/(5428:5472): El pokemon Pikachu no se encuentra en el FS
[INFO] 22:52:51:383 log_obligatorio/(5428:5472): No existen las posiciones del archivo de Pikachu
[INFO] 22:55:49:536 log_obligatorio/(5598:5643): El pokemon Pikachu no se encuentra en el FS
[INFO] 22:55:49:536 log_obligatorio/(5598:5643): No existen las posiciones del archivo de Pikachu
[INFO] 23:07:01:562 log_obligatorio/(6029:6070): El pokemon Pikachu no se encuentra en el FS
[INFO] 23:07:01:562 log_obligatorio/(6029:6070): No existen las posiciones del archivo de Pikachu
[INFO] 23:10:34:31 log_obligatorio/(6029:6070): El pokemon Bulbazor no se encuentra en el FS
[INFO] 23:10:34:31 log_obligatorio/(6029:6070): No existen las posiciones del archivo de Bulbazor
[INFO] 23:14:14:531 log_obligatorio/(6314:6358): El pokemon Pikachu no se encuentra en el FS
[INFO] 23:14:14:532 log_obligatorio/(6314:6358): No existen las posiciones del archivo de Pikachu
[INFO] 23:21:46:892 log_obligatorio/(6532:6575): El pokemon Pikachu no se encuentra en el FS
[INFO] 23:21:46:892 log_obligatorio/(6532:6575): No existen las posiciones del archivo de Pikachu
[INFO] 23:22:30:560 log_obligatorio/(6532:6575): No existen las posiciones del archivo de Pikachu
[INFO] 23:26:49:159 log_obligatorio/(6696:6748): El pokemon Pikachu no se encuentra en el FS
[INFO] 23:26:49:159 log_obligatorio/(6696:6748): No existen las posiciones del archivo de Pikachu
[INFO] 23:26:59:510 log_obligatorio/(6696:6748): No existen las posiciones del archivo de Pikachu
[INFO] 23:29:46:659 log_obligatorio/(6696:6748): El pokemon Bulbazor no se encuentra en el FS
[INFO] 23:29:46:659 log_obligatorio/(6696:6748): No existen las posiciones del archivo de Bulbazor
[INFO] 23:30:17:231 log_obligatorio/(6696:6748): No existen las posiciones del archivo de Pikachu
[INFO] 23:32:09:597 log_obligatorio/(6890:6934): El pokemon Pikachu no se encuentra en el FS
[INFO] 23:32:09:597 log_obligatorio/(6890:6934): No existen las posiciones del archivo de Pikachu
[INFO] 23:33:06:905 log_obligatorio/(6890:6934): No existen las posiciones del archivo de Pikachu
[INFO] 23:33:14:296 log_obligatorio/(6890:6934): No existen las posiciones del archivo de Pikachu
[INFO] 23:35:21:239 log_obligatorio/(7103:7145): El pokemon Pikachu no se encuentra en el FS
[INFO] 23:35:21:239 log_obligatorio/(7103:7145): No existen las posiciones del archivo de Pikachu
[INFO] 23:35:26:56 log_obligatorio/(7103:7145): No existen las posiciones del archivo de Pikachu
[INFO] 23:35:32:405 log_obligatorio/(7103:7145): No existen las posiciones del archivo de Pikachu
[INFO] 23:37:01:642 log_obligatorio/(7236:7277): El pokemon Pikachu no se encuentra en el FS
[INFO] 23:37:01:642 log_obligatorio/(7236:7277): No existen las posiciones del archivo de Pikachu
[INFO] 23:37:04:2 log_obligatorio/(7236:7277): No existen las posiciones del archivo de Pikachu
[INFO] 23:37:13:491 log_obligatorio/(7236:7277): No existen las posiciones del archivo de Pikachu
[INFO] 23:39:21:974 log_obligatorio/(7236:7277): No existen las posiciones del archivo de Pikachu
[INFO] 01:02:32:219 log_obligatorio/(8197:8238): El pokemon Pikachu no se encuentra en el FS
[INFO] 01:02:32:279 log_obligatorio/(8197:8238): No existen las posiciones del archivo de Pikachu
[INFO] 01:05:08:835 log_obligatorio/(8197:8238): No existen las posiciones del archivo de Pikachu
[INFO] 01:05:19:743 log_obligatorio/(8197:8238): No existen las posiciones del archivo de Pikachu
[INFO] 01:05:30:673 log_obligatorio/(8197:8238): No existen las posiciones del archivo de Pikachu
[INFO] 01:15:02:860 log_obligatorio/(8377:8422): El pokemon Pikachu no se encuentra en el FS
[INFO] 01:15:02:860 log_obligatorio/(8377:8422): No existen las posiciones del archivo de Pikachu
[INFO] 01:25:24:940 log_obligatorio/(8694:8743): El pokemon Pikachu no se encuentra en el FS
[INFO] 01:25:24:940 log_obligatorio/(8694:8743): No existen las posiciones del archivo de Pikachu
[INFO] 01:25:57:122 log_obligatorio/(8694:8743): No existen las posiciones del archivo de Pikachu
[INFO] 01:28:26:702 log_obligatorio/(8694:8743): No existen las posiciones del archivo de Pikachu
[INFO] 01:33:18:161 log_obligatorio/(9001:9045): El pokemon Pikachu no se encuentra en el FS
[INFO] 01:33:18:161 log_obligatorio/(9001:9045): No existen las posiciones del archivo de Pikachu
[INFO] 01:33:40:849 log_obligatorio/(9001:9045): No existen las posiciones del archivo de Pikachu
[INFO] 01:34:06:350 log_obligatorio/(9001:9045): No existen las posiciones del archivo de Pikachu
[INFO] 01:34:26:601 log_obligatorio/(9001:9045): No existen las posiciones del archivo de Pikachu
[INFO] 01:34:42:48 log_obligatorio/(9001:9045): No existen las posiciones del archivo de Pikachu
[INFO] 01:39:56:621 log_obligatorio/(9204:9248): El pokemon Pikachu no se encuentra en el FS
[INFO] 01:39:56:621 log_obligatorio/(9204:9248): No existen las posiciones del archivo de Pikachu
[INFO] 01:40:03:972 log_obligatorio/(9204:9248): No existen las posiciones del archivo de Pikachu
[INFO] 01:40:11:160 log_obligatorio/(9204:9248): No existen las posiciones del archivo de Pikachu
[INFO] 01:40:17:289 log_obligatorio/(9204:9248): No existen las posiciones del archivo de Pikachu
[INFO] 01:40:31:9 log_obligatorio/(9204:9248): No existen las posiciones del archivo de Pikachu
[INFO] 01:52:20:825 log_obligatorio/(9726:9766): El pokemon Pikachu no se encuentra en el FS
[INFO] 01:52:20:826 log_obligatorio/(9726:9766): No existen las posiciones del archivo de Pikachu
[INFO] 01:52:25:928 log_obligatorio/(9726:9766): No existen las posiciones del archivo de Pikachu
[INFO] 01:52:31:604 log_obligatorio/(9726:9766): No existen las posiciones del archivo de Pikachu
[INFO] 01:52:37:485 log_obligatorio/(9726:9766): No existen las posiciones del archivo de Pikachu
[INFO] 01:52:42:912 log_obligatorio/(9726:9766): No existen las posiciones del archivo de Pikachu
[INFO] 01:56:16:152 log_obligatorio/(9905:9947): El pokemon Pikachu no se encuentra en el FS
[INFO] 01:56:16:152 log_obligatorio/(9905:9947): No existen las posiciones del archivo de Pikachu
[INFO] 01:56:33:649 log_obligatorio/(9905:9947): No existen las posiciones del archivo de Pikachu
[INFO] 01:56:40:20 log_obligatorio/(9905:9947): No existen las posiciones del archivo de Pikachu
[INFO] 01:56:45:394 log_obligatorio/(9905:9947): No existen las posiciones del archivo de Pikachu
[INFO] 01:56:51:463 log_obligatorio/(9905:9947): No existen las posiciones del archivo de Pikachu
[INFO] 02:24:58:907 log_obligatorio/(9905:9947): No existen las posiciones del archivo de Pikachu
[INFO] 02:25:05:87 log_obligatorio/(9905:9947): No existen las posiciones del archivo de Pikachu
[INFO] 02:25:10:236 log_obligatorio/(9905:9947): No existen las posiciones del archivo de Pikachu
[INFO] 02:25:15:463 log_obligatorio/(9905:9947): No existen las posiciones del archivo de Pikachu
[INFO] 02:25:46:351 log_obligatorio/(9905:9947): El pokemon Bulbazor no se encuentra en el FS
[INFO] 02:25:46:351 log_obligatorio/(9905:9947): No existen las posiciones del archivo de Bulbazor
[INFO] 02:28:03:747 log_obligatorio/(9905:9947): No se puede abrir el archivo de Pikachu
[INFO] 02:28:08:748 log_obligatorio/(9905:9947): No se puede abrir el archivo de Pikachu
[INFO] 02:28:13:749 log_obligatorio/(9905:9947): No se puede abrir el archivo de Pikachu
[INFO] 02:28:18:750 log_obligatorio/(9905:9947): No se puede abrir el archivo de Pikachu
[INFO] 02:28:23:752 log_obligatorio/(9905:9947): No se puede abrir el archivo de Pikachu
[INFO] 02:28:28:753 log_obligatorio/(9905:9947): No se puede abrir el archivo de Pikachu
[INFO] 02:28:33:762 log_obligatorio/(9905:9947): No se puede abrir el archivo de Pikachu
[INFO] 02:28:38:766 log_obligatorio/(9905:9947): No se puede abrir el archivo de Pikachu
[INFO] 02:28:43:767 log_obligatorio/(9905:9947): No se puede abrir el archivo de Pikachu
[INFO] 02:28:48:769 log_obligatorio/(9905:9947): No se puede abrir el archivo de Pikachu
[INFO] 02:28:53:771 log_obligatorio/(9905:9947): No se puede abrir el archivo de Pikachu
[INFO] 02:28:58:776 log_obligatorio/(9905:9947): No se puede abrir el archivo de Pikachu
[INFO] 02:29:03:777 log_obligatorio/(9905:9947): No se puede abrir el archivo de Pikachu
[INFO] 02:29:08:779 log_obligatorio/(9905:9947): No se puede abrir el archivo de Pikachu
[INFO] 02:29:13:781 log_obligatorio/(9905:9947): No se puede abrir el archivo de Pikachu
[INFO] 02:29:18:782 log_obligatorio/(9905:9947): No se puede abrir el archivo de Pikachu
[INFO] 02:29:23:782 log_obligatorio/(9905:9947): No se puede abrir el archivo de Pikachu
[INFO] 02:34:28:18 log_obligatorio/(10580:10630): El pokemon Pikachu no se encuentra en el FS
[INFO] 02:36:05:213 log_obligatorio/(10713:10758): El pokemon Pikachu no se encuentra en el FS
[INFO] 02:36:35:879 log_obligatorio/(10713:10758): El pokemon Pikachu no se encuentra en el FS
[INFO] 02:36:35:879 log_obligatorio/(10713:10758): No existen las posiciones del archivo de Pikachu
[INFO] 02:40:01:769 log_obligatorio/(10880:10931): El pokemon Pikachu no se encuentra en el FS
[INFO] 02:40:01:769 log_obligatorio/(10880:10931): No existen las posiciones del archivo de Pikachu
[INFO] 02:47:23:353 log_obligatorio/(11244:11292): El pokemon Pikachu no se encuentra en el FS
[INFO] 02:47:23:384 log_obligatorio/(11244:11292): No existen las posiciones del archivo de Pikachu
[INFO] 02:59:06:291 log_obligatorio/(11438:11483): El pokemon Pikachu no se encuentra en el FS
[INFO] 02:59:06:291 log_obligatorio/(11438:11483): No existen las posiciones del archivo de Pikachu
[INFO] 03:01:45:985 log_obligatorio/(11540:11582): El pokemon Pikachu no se encuentra en el FS
[INFO] 03:01:45:985 log_obligatorio/(11540:11582): No existen las posiciones del archivo de Pikachu
[INFO] 03:07:23:335 log_obligatorio/(11781:11825): El pokemon Pikachu no se encuentra en el FS
[INFO] 03:07:23:336 log_obligatorio/(11781:11825): No existen las posiciones del archivo de Pikachu
[INFO] 03:08:59:161 log_obligatorio/(11957:11998): El pokemon Pikachu no se encuentra en el FS
[INFO] 03:08:59:196 log_obligatorio/(11957:11998): No existen las posiciones del archivo de Pikachu
[INFO] 03:14:11:588 log_obligatorio/(12150:12194): El pokemon Pikachu no se encuentra en el FS
[INFO] 03:14:11:588 log_obligatorio/(12150:12194): No existen las posiciones del archivo de Pikachu
[INFO] 03:27:15:454 log_obligatorio/(12341:12384): El pokemon Pikachu no se encuentra en el FS
[INFO] 03:27:15:455 log_obligatorio/(12341:12384): No existen las posiciones del archivo de Pikachu
[INFO] 03:35:14:831 log_obligatorio/(12559:12601): El pokemon Pikachu no se encuentra en el FS
[INFO] 03:35:14:832 log_obligatorio/(12559:12601): No existen las posiciones del archivo de Pikachu
[INFO] 03:36:27:297 log_obligatorio/(12648:12688): El pokemon Pikachu no se encuentra en el FS
[INFO] 03:36:27:297 log_obligatorio/(12648:12688): No existen las posiciones del archivo de Pikachu
[INFO] 03:40:00:886 log_obligatorio/(12890:12931): El pokemon Pikachu no se encuentra en el FS
[INFO] 03:40:00:887 log_obligatorio/(12890:12931): No existen las posiciones del archivo de Pikachu
[INFO] 03:44:41:799 log_obligatorio/(13077:13120): El pokemon Pikachu no se encuentra en el FS
[INFO] 03:44:41:799 log_obligatorio/(13077:13120): No existen las posiciones del archivo de Pikachu
